<?xml version="1.0" encoding="UTF-8"?>
<testng-results ignored="0" total="4" passed="3" failed="1" skipped="0">
  <reporter-output>
  </reporter-output>
  <suite started-at="2023-01-03T21:48:38 IST" name="Suite" finished-at="2023-01-03T21:49:39 IST" duration-ms="60939">
    <groups>
    </groups>
    <test started-at="2023-01-03T21:48:38 IST" name="Test" finished-at="2023-01-03T21:49:39 IST" duration-ms="60939">
      <class name="com.sauceDemo.TestPackage.TC03_VerifyBagProductAddToCartFunctionality">
        <test-method is-config="true" signature="setUp(java.lang.String)[pri:0, instance:com.sauceDemo.TestPackage.TC03_VerifyBagProductAddToCartFunctionality@273e7444]" started-at="2023-01-03T21:49:14 IST" name="setUp" finished-at="2023-01-03T21:49:25 IST" duration-ms="10915" status="PASS">
          <params>
            <param index="0">
              <value>
                <![CDATA[chrome]]>
              </value>
            </param>
          </params>
          <reporter-output>
          </reporter-output>
        </test-method> <!-- setUp -->
        <test-method signature="verifyBagProductAddToCartFunctionality()[pri:0, instance:com.sauceDemo.TestPackage.TC03_VerifyBagProductAddToCartFunctionality@273e7444]" started-at="2023-01-03T21:49:25 IST" name="verifyBagProductAddToCartFunctionality" finished-at="2023-01-03T21:49:25 IST" duration-ms="615" status="PASS">
          <reporter-output>
          </reporter-output>
        </test-method> <!-- verifyBagProductAddToCartFunctionality -->
        <test-method is-config="true" signature="tearDown()[pri:0, instance:com.sauceDemo.TestPackage.TC03_VerifyBagProductAddToCartFunctionality@273e7444]" started-at="2023-01-03T21:49:25 IST" name="tearDown" finished-at="2023-01-03T21:49:27 IST" duration-ms="1019" status="PASS">
          <reporter-output>
          </reporter-output>
        </test-method> <!-- tearDown -->
      </class> <!-- com.sauceDemo.TestPackage.TC03_VerifyBagProductAddToCartFunctionality -->
      <class name="com.sauceDemo.TestPackage.TC02_VerifyLogOutFunctionality">
        <test-method is-config="true" signature="setUp(java.lang.String)[pri:0, instance:com.sauceDemo.TestPackage.TC02_VerifyLogOutFunctionality@52b1beb6]" started-at="2023-01-03T21:49:01 IST" name="setUp" finished-at="2023-01-03T21:49:11 IST" duration-ms="10483" status="PASS">
          <params>
            <param index="0">
              <value>
                <![CDATA[chrome]]>
              </value>
            </param>
          </params>
          <reporter-output>
          </reporter-output>
        </test-method> <!-- setUp -->
        <test-method signature="verifyLogOutFunctionality()[pri:0, instance:com.sauceDemo.TestPackage.TC02_VerifyLogOutFunctionality@52b1beb6]" started-at="2023-01-03T21:49:11 IST" name="verifyLogOutFunctionality" finished-at="2023-01-03T21:49:13 IST" duration-ms="1698" status="PASS">
          <reporter-output>
          </reporter-output>
        </test-method> <!-- verifyLogOutFunctionality -->
        <test-method is-config="true" signature="tearDown()[pri:0, instance:com.sauceDemo.TestPackage.TC02_VerifyLogOutFunctionality@52b1beb6]" started-at="2023-01-03T21:49:13 IST" name="tearDown" finished-at="2023-01-03T21:49:14 IST" duration-ms="978" status="PASS">
          <reporter-output>
          </reporter-output>
        </test-method> <!-- tearDown -->
      </class> <!-- com.sauceDemo.TestPackage.TC02_VerifyLogOutFunctionality -->
      <class name="com.sauceDemo.TestPackage.TC04_VerifyAllProductsAddToCart_Functionality">
        <test-method is-config="true" signature="setUp(java.lang.String)[pri:0, instance:com.sauceDemo.TestPackage.TC04_VerifyAllProductsAddToCart_Functionality@7db12bb6]" started-at="2023-01-03T21:49:27 IST" name="setUp" finished-at="2023-01-03T21:49:37 IST" duration-ms="10602" status="PASS">
          <params>
            <param index="0">
              <value>
                <![CDATA[chrome]]>
              </value>
            </param>
          </params>
          <reporter-output>
          </reporter-output>
        </test-method> <!-- setUp -->
        <test-method signature="verifyAllProductsAddToCartFunctionality()[pri:0, instance:com.sauceDemo.TestPackage.TC04_VerifyAllProductsAddToCart_Functionality@7db12bb6]" started-at="2023-01-03T21:49:37 IST" name="verifyAllProductsAddToCartFunctionality" finished-at="2023-01-03T21:49:38 IST" duration-ms="1376" status="FAIL">
          <exception class="java.lang.AssertionError">
            <message>
              <![CDATA[expected [6] but found [3]]]>
            </message>
            <full-stacktrace>
              <![CDATA[java.lang.AssertionError: expected [6] but found [3]
at org.testng.Assert.fail(Assert.java:99)
at org.testng.Assert.failNotEquals(Assert.java:1037)
at org.testng.Assert.assertEqualsImpl(Assert.java:140)
at org.testng.Assert.assertEquals(Assert.java:122)
at org.testng.Assert.assertEquals(Assert.java:629)
at org.testng.Assert.assertEquals(Assert.java:639)
at com.sauceDemo.TestPackage.TC04_VerifyAllProductsAddToCart_Functionality.verifyAllProductsAddToCartFunctionality(TC04_VerifyAllProductsAddToCart_Functionality.java:32)
at java.base/jdk.internal.reflect.NativeMethodAccessorImpl.invoke0(Native Method)
at java.base/jdk.internal.reflect.NativeMethodAccessorImpl.invoke(NativeMethodAccessorImpl.java:77)
at java.base/jdk.internal.reflect.DelegatingMethodAccessorImpl.invoke(DelegatingMethodAccessorImpl.java:43)
at java.base/java.lang.reflect.Method.invoke(Method.java:568)
at org.testng.internal.MethodInvocationHelper.invokeMethod(MethodInvocationHelper.java:133)
at org.testng.internal.TestInvoker.invokeMethod(TestInvoker.java:598)
at org.testng.internal.TestInvoker.invokeTestMethod(TestInvoker.java:173)
at org.testng.internal.MethodRunner.runInSequence(MethodRunner.java:46)
at org.testng.internal.TestInvoker$MethodInvocationAgent.invoke(TestInvoker.java:824)
at org.testng.internal.TestInvoker.invokeTestMethods(TestInvoker.java:146)
at org.testng.internal.TestMethodWorker.invokeTestMethods(TestMethodWorker.java:146)
at org.testng.internal.TestMethodWorker.run(TestMethodWorker.java:128)
at java.base/java.util.ArrayList.forEach(ArrayList.java:1511)
at org.testng.TestRunner.privateRun(TestRunner.java:794)
at org.testng.TestRunner.run(TestRunner.java:596)
at org.testng.SuiteRunner.runTest(SuiteRunner.java:377)
at org.testng.SuiteRunner.runSequentially(SuiteRunner.java:371)
at org.testng.SuiteRunner.privateRun(SuiteRunner.java:332)
at org.testng.SuiteRunner.run(SuiteRunner.java:276)
at org.testng.SuiteRunnerWorker.runSuite(SuiteRunnerWorker.java:53)
at org.testng.SuiteRunnerWorker.run(SuiteRunnerWorker.java:96)
at org.testng.TestNG.runSuitesSequentially(TestNG.java:1212)
at org.testng.TestNG.runSuitesLocally(TestNG.java:1134)
at org.testng.TestNG.runSuites(TestNG.java:1063)
at org.testng.TestNG.run(TestNG.java:1031)
at org.testng.remote.AbstractRemoteTestNG.run(AbstractRemoteTestNG.java:115)
at org.testng.remote.RemoteTestNG.initAndRun(RemoteTestNG.java:251)
at org.testng.remote.RemoteTestNG.main(RemoteTestNG.java:77)
]]>
            </full-stacktrace>
          </exception> <!-- java.lang.AssertionError -->
          <reporter-output>
          </reporter-output>
        </test-method> <!-- verifyAllProductsAddToCartFunctionality -->
        <test-method is-config="true" signature="tearDown()[pri:0, instance:com.sauceDemo.TestPackage.TC04_VerifyAllProductsAddToCart_Functionality@7db12bb6]" started-at="2023-01-03T21:49:38 IST" name="tearDown" finished-at="2023-01-03T21:49:39 IST" duration-ms="896" status="PASS">
          <reporter-output>
          </reporter-output>
        </test-method> <!-- tearDown -->
      </class> <!-- com.sauceDemo.TestPackage.TC04_VerifyAllProductsAddToCart_Functionality -->
      <class name="com.sauceDemo.TestPackage.TC01_VerifyLoginFunctionality">
        <test-method is-config="true" signature="setUp(java.lang.String)[pri:0, instance:com.sauceDemo.TestPackage.TC01_VerifyLoginFunctionality@1de76cc7]" started-at="2023-01-03T21:48:39 IST" name="setUp" finished-at="2023-01-03T21:48:59 IST" duration-ms="20339" status="PASS">
          <params>
            <param index="0">
              <value>
                <![CDATA[chrome]]>
              </value>
            </param>
          </params>
          <reporter-output>
          </reporter-output>
        </test-method> <!-- setUp -->
        <test-method signature="verifyLoginFunctionality()[pri:0, instance:com.sauceDemo.TestPackage.TC01_VerifyLoginFunctionality@1de76cc7]" started-at="2023-01-03T21:48:59 IST" name="verifyLoginFunctionality" finished-at="2023-01-03T21:48:59 IST" duration-ms="77" status="PASS">
          <reporter-output>
          </reporter-output>
        </test-method> <!-- verifyLoginFunctionality -->
        <test-method is-config="true" signature="tearDown()[pri:0, instance:com.sauceDemo.TestPackage.TC01_VerifyLoginFunctionality@1de76cc7]" started-at="2023-01-03T21:48:59 IST" name="tearDown" finished-at="2023-01-03T21:49:01 IST" duration-ms="1710" status="PASS">
          <reporter-output>
          </reporter-output>
        </test-method> <!-- tearDown -->
      </class> <!-- com.sauceDemo.TestPackage.TC01_VerifyLoginFunctionality -->
    </test> <!-- Test -->
  </suite> <!-- Suite -->
</testng-results>
